[INFO] Console - predicting pockets for proteins from dataset [enzyme_apo.pdb]
[INFO] PredictPocketsRoutine - outdir: /Users/deboleenaadhikary/Downloads/Run/enzyme_processor_results/p2rank_results
[INFO] Model - Loading model from directory (v3 format): /Users/deboleenaadhikary/Downloads/p2rank_2.5.1/models/default
[INFO] FeatureSetup - enabledFeatures: [chem, volsite, protrusion, bfactor, atom_table]
[INFO] Dataset - processing dataset [enzyme_apo.pdb] using 0 threads
[INFO] Dataset - 
------------------------------------------------------------------------------------------------------------------------
processing [enzyme_apo.pdb] (1/1)
------------------------------------------------------------------------------------------------------------------------

[INFO] Console - processing [enzyme_apo.pdb] (1/1)
[INFO] Protein - loading protein [/Users/deboleenaadhikary/Downloads/p2rank_2.5.1/enzyme_apo.pdb]
[INFO] PdbUtils - loading file [/Users/deboleenaadhikary/Downloads/p2rank_2.5.1/enzyme_apo.pdb]
[INFO] Struct - all groups in chain A: 263
[INFO] Struct - all groups in chain A: 263
[INFO] Struct - 263 groups in chain A
[INFO] Protein - structure atoms: 2030
[INFO] Protein - protein   atoms: 1986
[INFO] Protein - ignoring ligands
[INFO] FeatureSetup - enabledFeatures: [chem, volsite, protrusion, bfactor, atom_table]
[INFO] Protein - SAS points: 3694
[INFO] Protein - exposed protein atoms: 1261 of 1986
[INFO] SLinkClusterer - clustering [39] elements
[INFO] SLinkClusterer - clusters: [id:1( 1 ), id:7( 2 ), id:9( 1 ), id:17( 2 ), id:18( 1 ), id:19( 1 ), id:23( 1 ), id:30( 20 ), id:34( 5 ), id:37( 3 ), id:38( 2 )]
[INFO] SLinkClusterer - clusters together: 39 / 39
[INFO] PocketPredictor - PREDICTING POCKETS.... ====================================
[INFO] PocketPredictor - SAS POINTS: 3694
[INFO] PocketPredictor - LIGANDABLE POINTS: 39
[INFO] PocketPredictor - CLUSTERS: 11
[INFO] PocketPredictor - FILTERED CLUSTERS: 3
[INFO] PocketPredictor - pocket 1 -  surf_atoms:  30   points:  20   score:    7.5
[INFO] PocketPredictor - pocket 2 -  surf_atoms:  11   points:   5   score:    2.4
[INFO] PocketPredictor - pocket 3 -  surf_atoms:   8   points:   3   score:    0.8
[INFO] PredictionVisualizer - copying [/Users/deboleenaadhikary/Downloads/p2rank_2.5.1/enzyme_apo.pdb] to [/Users/deboleenaadhikary/Downloads/Run/enzyme_processor_results/p2rank_results/visualizations/data/enzyme_apo.pdb]
[INFO] Console - predicting pockets finished in 0 hours 0 minutes 1.367 seconds
[INFO] Console - results saved to directory [/Users/deboleenaadhikary/Downloads/Run/enzyme_processor_results/p2rank_results]
[INFO] Console - 
[INFO] Console - Finished successfully in 0 hours 0 minutes 1.756 seconds.
